warning: skipping duplicate package `bitflags v2.10.0 (https://github.com/makepad/makepad.git?branch=dev#8b515338)`:
  /home/jules/.cargo/git/checkouts/makepad-ec2f134f34cd9f98/8b51533/libs/vulkan/bitflags/Cargo.toml
in favor of /home/jules/.cargo/git/checkouts/makepad-ec2f134f34cd9f98/8b51533/libs/bitflags/Cargo.toml

   Compiling makepad-micro-proc-macro v1.0.0 (https://github.com/makepad/makepad.git?branch=dev#8b515338)
   Compiling proc-macro2 v1.0.106
   Compiling unicode-ident v1.0.24
   Compiling quote v1.0.45
   Compiling pkg-config v0.3.32
   Compiling libc v0.2.182
   Compiling makepad-live-id-macros v1.0.0 (https://github.com/makepad/makepad.git?branch=dev#8b515338)
   Compiling makepad-micro-serde-derive v1.0.0 (https://github.com/makepad/makepad.git?branch=dev#8b515338)
   Compiling makepad-live-id v1.0.0 (https://github.com/makepad/makepad.git?branch=dev#8b515338)
   Compiling wayland-sys v0.31.8 (https://github.com/makepad/makepad.git?branch=dev#8b515338)
   Compiling makepad-micro-serde v1.0.0 (https://github.com/makepad/makepad.git?branch=dev#8b515338)
   Compiling syn v2.0.117
   Compiling log v0.4.29
   Compiling autocfg v1.5.0
   Compiling libm v0.2.16
   Compiling makepad-script-derive v1.0.0 (https://github.com/makepad/makepad.git?branch=dev#8b515338)
   Compiling wayland-backend v0.3.12 (https://github.com/makepad/makepad.git?branch=dev#8b515338)
   Compiling num-traits v0.2.19
   Compiling makepad-error-log v1.0.0 (https://github.com/makepad/makepad.git?branch=dev#8b515338)
   Compiling makepad-html v1.0.0 (https://github.com/makepad/makepad.git?branch=dev#8b515338)
   Compiling smallvec v1.15.1 (https://github.com/makepad/makepad.git?branch=dev#8b515338)
   Compiling downcast-rs v1.2.1
   Compiling smallvec v1.15.1
   Compiling bitflags v2.11.0
   Compiling zerocopy v0.8.40
   Compiling scoped-tls v1.0.1
   Compiling makepad-math v1.0.0 (https://github.com/makepad/makepad.git?branch=dev#8b515338)
   Compiling makepad-regex v0.1.0 (https://github.com/makepad/makepad.git?branch=dev#8b515338)
   Compiling zerocopy-derive v0.8.40
   Compiling thiserror v2.0.18
   Compiling cfg_aliases v0.2.1
   Compiling wayland-client v0.31.12 (https://github.com/makepad/makepad.git?branch=dev#8b515338)
   Compiling bitflags v2.10.0 (https://github.com/makepad/makepad.git?branch=dev#8b515338)
   Compiling foldhash v0.2.0
   Compiling makepad-script v1.0.0 (https://github.com/makepad/makepad.git?branch=dev#8b515338)
   Compiling hashbrown v0.16.1
   Compiling naga v27.0.3
   Compiling thiserror-impl v2.0.18
   Compiling cfg-if v1.0.4
   Compiling unicode-width v0.2.2
   Compiling makepad-zune-core v0.5.1 (https://github.com/makepad/makepad.git?branch=dev#8b515338)
   Compiling simd-adler32 v0.3.8 (https://github.com/makepad/makepad.git?branch=dev#8b515338)
   Compiling bit-vec v0.8.0
   Compiling equivalent v1.0.2
   Compiling indexmap v2.13.0
   Compiling bit-set v0.8.0
   Compiling makepad-zune-inflate v0.2.0 (https://github.com/makepad/makepad.git?branch=dev#8b515338)
   Compiling codespan-reporting v0.12.0
   Compiling spirv v0.3.0+sdk-1.3.268.0
   Compiling half v2.7.1
   Compiling once_cell v1.21.3
   Compiling rustc-hash v1.1.0
   Compiling ttf-parser v0.24.1 (https://github.com/makepad/makepad.git?branch=dev#8b515338)
   Compiling hexf-parse v0.2.1
   Compiling arrayvec v0.7.6
   Compiling makepad-platform v2.0.0 (https://github.com/makepad/makepad.git?branch=dev#8b515338)
   Compiling wayland-protocols v0.32.10 (https://github.com/makepad/makepad.git?branch=dev#8b515338)
   Compiling makepad-studio-protocol v0.1.0 (https://github.com/makepad/makepad.git?branch=dev#8b515338)
   Compiling makepad-network v1.0.0 (https://github.com/makepad/makepad.git?branch=dev#8b515338)
   Compiling makepad-zune-png v0.5.1 (https://github.com/makepad/makepad.git?branch=dev#8b515338)
   Compiling wayland-egl v0.32.9 (https://github.com/makepad/makepad.git?branch=dev#8b515338)
   Compiling unicode-properties v0.1.4 (https://github.com/makepad/makepad.git?branch=dev#8b515338)
   Compiling pulldown-cmark v0.12.2 (https://github.com/makepad/makepad.git?branch=dev#8b515338)
   Compiling unicode-ccc v0.3.0 (https://github.com/makepad/makepad.git?branch=dev#8b515338)
   Compiling unicode-bidi-mirroring v0.3.0 (https://github.com/makepad/makepad.git?branch=dev#8b515338)
   Compiling makepad-futures v1.0.0 (https://github.com/makepad/makepad.git?branch=dev#8b515338)
   Compiling bytemuck v1.25.0 (https://github.com/makepad/makepad.git?branch=dev#8b515338)
   Compiling unicode-script v0.5.8 (https://github.com/makepad/makepad.git?branch=dev#8b515338)
   Compiling makepad-byteorder-lite v0.1.0 (https://github.com/makepad/makepad.git?branch=dev#8b515338)
   Compiling byteorder v1.5.0 (https://github.com/makepad/makepad.git?branch=dev#8b515338)
   Compiling makepad-webp v0.2.4 (https://github.com/makepad/makepad.git?branch=dev#8b515338)
   Compiling fxhash v0.2.1 (https://github.com/makepad/makepad.git?branch=dev#8b515338)
   Compiling rustybuzz v0.18.0 (https://github.com/makepad/makepad.git?branch=dev#8b515338)
   Compiling makepad-zune-jpeg v0.5.12 (https://github.com/makepad/makepad.git?branch=dev#8b515338)
   Compiling makepad-svg v1.0.0 (https://github.com/makepad/makepad.git?branch=dev#8b515338)
   Compiling memchr v2.7.6 (https://github.com/makepad/makepad.git?branch=dev#8b515338)
   Compiling ab_glyph_rasterizer v0.1.8 (https://github.com/makepad/makepad.git?branch=dev#8b515338)
   Compiling unicode-segmentation v1.12.0 (https://github.com/makepad/makepad.git?branch=dev#8b515338)
   Compiling unicode-bidi v0.3.18 (https://github.com/makepad/makepad.git?branch=dev#8b515338)
   Compiling sdfer v0.2.1 (https://github.com/makepad/makepad.git?branch=dev#8b515338)
   Compiling unicase v2.9.0 (https://github.com/makepad/makepad.git?branch=dev#8b515338)
   Compiling makepad-widgets v2.0.0 (https://github.com/makepad/makepad.git?branch=dev#8b515338)
   Compiling unicode-linebreak v0.1.5 (https://github.com/makepad/makepad.git?branch=dev#8b515338)
   Compiling makepad-draw v2.0.0 (https://github.com/makepad/makepad.git?branch=dev#8b515338)
   Compiling makepad-derive-widget v2.0.0 (https://github.com/makepad/makepad.git?branch=dev#8b515338)
   Compiling makepad-latex-math v0.1.0 (https://github.com/makepad/makepad.git?branch=dev#8b515338)
   Compiling makepad-icon v1.0.0 (/app/makepad-icon)
   Compiling makepad-components v1.0.0 (/app/components)
   Compiling makepad-code-editor v2.0.0 (https://github.com/makepad/makepad.git?branch=dev#8b515338)
   Compiling makepad-example-component-gallery v1.0.0 (/app/gallery)
    Finished `release` profile [optimized] target(s) in 1m 40s
     Running `target/release/makepad-example-component-gallery`
WAYLAND_DISPLAY: Not set
DISPLAY: Not set
Selected: X11 backend
Reason: Default fallback (no display variables set)
